0 info it worked if it ends with ok
1 verbose cli [ 'node', '/usr/local/bin/npm', 'install', 'karma', '--save-dev' ]
2 info using npm@2.14.2
3 info using node@v0.12.7
4 verbose config Skipping project config: /home/eb/.npmrc. (matches userconfig)
5 verbose install initial load of /home/eb/package.json
6 verbose installManyTop reading scoped package data from /home/eb/node_modules/jasmine-core/package.json
7 verbose installManyTop reading scoped package data from /home/eb/node_modules/karma/package.json
8 verbose installManyTop reading scoped package data from /home/eb/node_modules/karma-chrome-launcher/package.json
9 verbose installManyTop reading scoped package data from /home/eb/node_modules/karma-jasmine/package.json
10 verbose readDependencies loading dependencies from /home/eb/package.json
11 verbose install karma is installed as 0.13.15
12 silly cache add args [ 'karma', null ]
13 verbose cache add spec karma
14 silly cache add parsed spec { raw: 'karma',
14 silly cache add   scope: null,
14 silly cache add   name: 'karma',
14 silly cache add   rawSpec: '',
14 silly cache add   spec: '*',
14 silly cache add   type: 'range' }
15 silly addNamed karma@*
16 verbose addNamed "*" is a valid semver range for karma
17 silly addNameRange { name: 'karma', range: '*', hasData: false }
18 silly mapToRegistry name karma
19 silly mapToRegistry using default registry
20 silly mapToRegistry registry https://registry.npmjs.org/
21 silly mapToRegistry uri https://registry.npmjs.org/karma
22 verbose addNameRange registry:https://registry.npmjs.org/karma not in flight; fetching
23 verbose request uri https://registry.npmjs.org/karma
24 verbose request no auth needed
25 info attempt registry request try #1 at 13:57:42
26 verbose request id 50a33ac677936d4c
27 verbose etag "E58SS93RFZK5197Z2QFQ1RCTZ"
28 http request GET https://registry.npmjs.org/karma
29 http 304 https://registry.npmjs.org/karma
30 silly get cb [ 304,
30 silly get   { date: 'Sat, 05 Dec 2015 12:57:42 GMT',
30 silly get     via: '1.1 varnish',
30 silly get     'cache-control': 'max-age=60',
30 silly get     etag: '"E58SS93RFZK5197Z2QFQ1RCTZ"',
30 silly get     age: '36',
30 silly get     connection: 'keep-alive',
30 silly get     'x-served-by': 'cache-fra1241-FRA',
30 silly get     'x-cache': 'HIT',
30 silly get     'x-cache-hits': '1',
30 silly get     'x-timer': 'S1449320262.799079,VS0,VE5',
30 silly get     vary: 'Accept' } ]
31 verbose etag https://registry.npmjs.org/karma from cache
32 verbose get saving karma to /home/eb/.npm/registry.npmjs.org/karma/.cache.json
33 silly addNameRange number 2 { name: 'karma', range: '*', hasData: true }
34 silly addNameRange versions [ 'karma',
34 silly addNameRange   [ '0.8.0',
34 silly addNameRange     '0.9.0-dart',
34 silly addNameRange     '0.8.1',
34 silly addNameRange     '0.8.2',
34 silly addNameRange     '0.8.3',
34 silly addNameRange     '0.9.0',
34 silly addNameRange     '0.8.4',
34 silly addNameRange     '0.9.1',
34 silly addNameRange     '0.8.5',
34 silly addNameRange     '0.9.2',
34 silly addNameRange     '0.9.2-dart',
34 silly addNameRange     '0.9.3',
34 silly addNameRange     '0.8.6',
34 silly addNameRange     '0.9.4',
34 silly addNameRange     '0.8.7',
34 silly addNameRange     '0.9.5',
34 silly addNameRange     '0.9.6',
34 silly addNameRange     '0.8.8',
34 silly addNameRange     '0.9.7',
34 silly addNameRange     '0.9.8',
34 silly addNameRange     '0.10.0',
34 silly addNameRange     '0.10.1',
34 silly addNameRange     '0.10.2',
34 silly addNameRange     '0.11.0',
34 silly addNameRange     '0.11.1',
34 silly addNameRange     '0.10.3',
34 silly addNameRange     '0.10.4',
34 silly addNameRange     '0.11.2',
34 silly addNameRange     '0.11.3',
34 silly addNameRange     '0.10.5',
34 silly addNameRange     '0.11.4',
34 silly addNameRange     '0.11.5',
34 silly addNameRange     '0.10.6',
34 silly addNameRange     '0.11.6',
34 silly addNameRange     '0.10.7',
34 silly addNameRange     '0.11.7',
34 silly addNameRange     '0.11.8',
34 silly addNameRange     '0.11.9',
34 silly addNameRange     '0.10.8',
34 silly addNameRange     '0.11.10',
34 silly addNameRange     '0.11.11',
34 silly addNameRange     '0.11.12',
34 silly addNameRange     '0.11.11-dev',
34 silly addNameRange     '0.10.9',
34 silly addNameRange     '0.11.12-dev',
34 silly addNameRange     '0.11.12-dev2',
34 silly addNameRange     '0.11.13',
34 silly addNameRange     '0.11.14',
34 silly addNameRange     '0.12.0',
34 silly addNameRange     '0.10.10',
34 silly addNameRange     '0.12.1',
34 silly addNameRange     '0.12.2',
34 silly addNameRange     '0.12.3',
34 silly addNameRange     '0.12.4',
34 silly addNameRange     '0.12.5',
34 silly addNameRange     '0.12.6',
34 silly addNameRange     '0.12.6-beta-43e6e28',
34 silly addNameRange     '0.12.7',
34 silly addNameRange     '0.12.8',
34 silly addNameRange     '0.12.9',
34 silly addNameRange     '0.12.10',
34 silly addNameRange     '0.12.11',
34 silly addNameRange     '0.12.12',
34 silly addNameRange     '0.12.11-beta-3029418',
34 silly addNameRange     '0.12.13',
34 silly addNameRange     '0.12.14',
34 silly addNameRange     '0.12.15',
34 silly addNameRange     '0.12.16',
34 silly addNameRange     '0.12.16-beta-905422d',
34 silly addNameRange     '0.12.17',
34 silly addNameRange     '0.12.18',
34 silly addNameRange     '0.12.19',
34 silly addNameRange     '0.12.20',
34 silly addNameRange     '0.12.21',
34 silly addNameRange     '0.12.22',
34 silly addNameRange     '0.12.23',
34 silly addNameRange     '0.12.24',
34 silly addNameRange     '0.12.24-beta-6cf7955',
34 silly addNameRange     '0.12.25',
34 silly addNameRange     '0.12.25-beta-37a7958',
34 silly addNameRange     '0.12.25-beta-ad5bc24',
34 silly addNameRange     '0.12.26',
34 silly addNameRange     '0.12.27',
34 silly addNameRange     '0.12.28',
34 silly addNameRange     '0.12.28-beta-b9be580',
34 silly addNameRange     '0.12.29',
34 silly addNameRange     '0.12.30',
34 silly addNameRange     '0.12.31',
34 silly addNameRange     '0.12.28-beta-f65c864',
34 silly addNameRange     '0.12.24-dev-test',
34 silly addNameRange     '0.12.24-dev-socketio10',
34 silly addNameRange     '0.12.24-dev-socketio10-2',
34 silly addNameRange     '0.12.32-beta.0',
34 silly addNameRange     '0.12.32',
34 silly addNameRange     '0.13.0-rc.0',
34 silly addNameRange     '0.12.33',
34 silly addNameRange     '0.13.0-rc.1',
34 silly addNameRange     '0.12.34',
34 silly addNameRange     '0.13.0-rc.2',
34 silly addNameRange     '0.12.35',
34 silly addNameRange     '0.13.0-rc.3',
34 silly addNameRange     '0.12.36',
34 silly addNameRange     '0.13.0-rc.4',
34 silly addNameRange     '0.12.37',
34 silly addNameRange     '0.13.0-rc.5',
34 silly addNameRange     '0.13.0-rc.6',
34 silly addNameRange     '0.13.0-rc.7',
34 silly addNameRange     '0.13.0-rc.8',
34 silly addNameRange     '0.13.0-rc.9',
34 silly addNameRange     '0.13.0',
34 silly addNameRange     '0.13.1',
34 silly addNameRange     '0.13.2',
34 silly addNameRange     '0.13.3',
34 silly addNameRange     '0.13.4',
34 silly addNameRange     '0.13.5',
34 silly addNameRange     '0.13.6',
34 silly addNameRange     '0.13.7',
34 silly addNameRange     '0.13.8',
34 silly addNameRange     '0.13.9',
34 silly addNameRange     '0.13.10',
34 silly addNameRange     '0.13.11',
34 silly addNameRange     '0.13.12',
34 silly addNameRange     '0.13.13',
34 silly addNameRange     '0.13.14',
34 silly addNameRange     '0.13.15' ] ]
35 silly addNamed karma@0.13.15
36 verbose addNamed "0.13.15" is a plain semver version for karma
37 silly cache afterAdd karma@0.13.15
38 verbose afterAdd /home/eb/.npm/karma/0.13.15/package/package.json not in flight; writing
39 verbose afterAdd /home/eb/.npm/karma/0.13.15/package/package.json written
40 silly install resolved [ { name: 'karma',
40 silly install resolved     description: 'Spectacular Test Runner for JavaScript.',
40 silly install resolved     homepage: 'http://karma-runner.github.io/',
40 silly install resolved     repository: { type: 'git', url: 'git://github.com/karma-runner/karma.git' },
40 silly install resolved     bugs: { url: 'https://github.com/karma-runner/karma/issues' },
40 silly install resolved     keywords:
40 silly install resolved      [ 'karma',
40 silly install resolved        'spectacular',
40 silly install resolved        'runner',
40 silly install resolved        'karma',
40 silly install resolved        'js',
40 silly install resolved        'javascript',
40 silly install resolved        'testing',
40 silly install resolved        'test',
40 silly install resolved        'remote',
40 silly install resolved        'execution' ],
40 silly install resolved     author: { name: 'Vojta Jína', email: 'vojta.jina@gmail.com' },
40 silly install resolved     contributors:
40 silly install resolved      [ [Object],
40 silly install resolved        [Object],
40 silly install resolved        [Object],
40 silly install resolved        [Object],
40 silly install resolved        [Object],
40 silly install resolved        [Object],
40 silly install resolved        [Object],
40 silly install resolved        [Object],
40 silly install resolved        [Object],
40 silly install resolved        [Object],
40 silly install resolved        [Object],
40 silly install resolved        [Object],
40 silly install resolved        [Object],
40 silly install resolved        [Object],
40 silly install resolved        [Object],
40 silly install resolved        [Object],
40 silly install resolved        [Object],
40 silly install resolved        [Object],
40 silly install resolved        [Object],
40 silly install resolved        [Object],
40 silly install resolved        [Object],
40 silly install resolved        [Object],
40 silly install resolved        [Object],
40 silly install resolved        [Object],
40 silly install resolved        [Object],
40 silly install resolved        [Object],
40 silly install resolved        [Object],
40 silly install resolved        [Object],
40 silly install resolved        [Object],
40 silly install resolved        [Object],
40 silly install resolved        [Object],
40 silly install resolved        [Object],
40 silly install resolved        [Object],
40 silly install resolved        [Object],
40 silly install resolved        [Object],
40 silly install resolved        [Object],
40 silly install resolved        [Object],
40 silly install resolved        [Object],
40 silly install resolved        [Object],
40 silly install resolved        [Object],
40 silly install resolved        [Object],
40 silly install resolved        [Object],
40 silly install resolved        [Object],
40 silly install resolved        [Object],
40 silly install resolved        [Object],
40 silly install resolved        [Object],
40 silly install resolved        [Object],
40 silly install resolved        [Object],
40 silly install resolved        [Object],
40 silly install resolved        [Object],
40 silly install resolved        [Object],
40 silly install resolved        [Object],
40 silly install resolved        [Object],
40 silly install resolved        [Object],
40 silly install resolved        [Object],
40 silly install resolved        [Object],
40 silly install resolved        [Object],
40 silly install resolved        [Object],
40 silly install resolved        [Object],
40 silly install resolved        [Object],
40 silly install resolved        [Object],
40 silly install resolved        [Object],
40 silly install resolved        [Object],
40 silly install resolved        [Object],
40 silly install resolved        [Object],
40 silly install resolved        [Object],
40 silly install resolved        [Object],
40 silly install resolved        [Object],
40 silly install resolved        [Object],
40 silly install resolved        [Object],
40 silly install resolved        [Object],
40 silly install resolved        [Object],
40 silly install resolved        [Object],
40 silly install resolved        [Object],
40 silly install resolved        [Object],
40 silly install resolved        [Object],
40 silly install resolved        [Object],
40 silly install resolved        [Object],
40 silly install resolved        [Object],
40 silly install resolved        [Object],
40 silly install resolved        [Object],
40 silly install resolved        [Object],
40 silly install resolved        [Object],
40 silly install resolved        [Object],
40 silly install resolved        [Object],
40 silly install resolved        [Object],
40 silly install resolved        [Object],
40 silly install resolved        [Object],
40 silly install resolved        [Object],
40 silly install resolved        [Object],
40 silly install resolved        [Object],
40 silly install resolved        [Object],
40 silly install resolved        [Object],
40 silly install resolved        [Object],
40 silly install resolved        [Object],
40 silly install resolved        [Object],
40 silly install resolved        [Object],
40 silly install resolved        [Object],
40 silly install resolved        [Object],
40 silly install resolved        [Object],
40 silly install resolved        [Object],
40 silly install resolved        [Object],
40 silly install resolved        [Object],
40 silly install resolved        [Object],
40 silly install resolved        [Object],
40 silly install resolved        [Object],
40 silly install resolved        [Object],
40 silly install resolved        [Object],
40 silly install resolved        [Object],
40 silly install resolved        [Object],
40 silly install resolved        [Object],
40 silly install resolved        [Object],
40 silly install resolved        [Object],
40 silly install resolved        [Object],
40 silly install resolved        [Object],
40 silly install resolved        [Object],
40 silly install resolved        [Object],
40 silly install resolved        [Object],
40 silly install resolved        [Object],
40 silly install resolved        [Object],
40 silly install resolved        [Object],
40 silly install resolved        [Object],
40 silly install resolved        [Object],
40 silly install resolved        [Object],
40 silly install resolved        [Object],
40 silly install resolved        [Object],
40 silly install resolved        [Object],
40 silly install resolved        [Object],
40 silly install resolved        [Object],
40 silly install resolved        [Object],
40 silly install resolved        [Object],
40 silly install resolved        [Object],
40 silly install resolved        [Object],
40 silly install resolved        [Object],
40 silly install resolved        [Object],
40 silly install resolved        [Object],
40 silly install resolved        [Object],
40 silly install resolved        [Object],
40 silly install resolved        [Object],
40 silly install resolved        [Object],
40 silly install resolved        [Object],
40 silly install resolved        [Object],
40 silly install resolved        [Object],
40 silly install resolved        [Object],
40 silly install resolved        [Object],
40 silly install resolved        [Object],
40 silly install resolved        [Object],
40 silly install resolved        [Object],
40 silly install resolved        [Object],
40 silly install resolved        [Object],
40 silly install resolved        [Object],
40 silly install resolved        [Object],
40 silly install resolved        [Object],
40 silly install resolved        [Object],
40 silly install resolved        [Object],
40 silly install resolved        [Object],
40 silly install resolved        [Object],
40 silly install resolved        [Object],
40 silly install resolved        [Object],
40 silly install resolved        [Object],
40 silly install resolved        [Object],
40 silly install resolved        [Object],
40 silly install resolved        [Object],
40 silly install resolved        [Object],
40 silly install resolved        [Object],
40 silly install resolved        [Object],
40 silly install resolved        [Object],
40 silly install resolved        [Object],
40 silly install resolved        [Object],
40 silly install resolved        [Object],
40 silly install resolved        [Object],
40 silly install resolved        [Object],
40 silly install resolved        [Object],
40 silly install resolved        [Object],
40 silly install resolved        [Object],
40 silly install resolved        [Object],
40 silly install resolved        [Object],
40 silly install resolved        [Object],
40 silly install resolved        [Object],
40 silly install resolved        [Object],
40 silly install resolved        [Object],
40 silly install resolved        [Object],
40 silly install resolved        [Object],
40 silly install resolved        [Object],
40 silly install resolved        [Object],
40 silly install resolved        [Object],
40 silly install resolved        [Object],
40 silly install resolved        [Object],
40 silly install resolved        [Object],
40 silly install resolved        [Object],
40 silly install resolved        [Object],
40 silly install resolved        [Object],
40 silly install resolved        [Object],
40 silly install resolved        [Object],
40 silly install resolved        [Object],
40 silly install resolved        [Object],
40 silly install resolved        [Object],
40 silly install resolved        [Object],
40 silly install resolved        [Object],
40 silly install resolved        [Object],
40 silly install resolved        [Object],
40 silly install resolved        [Object],
40 silly install resolved        [Object],
40 silly install resolved        [Object],
40 silly install resolved        [Object],
40 silly install resolved        [Object],
40 silly install resolved        [Object],
40 silly install resolved        [Object],
40 silly install resolved        [Object],
40 silly install resolved        [Object],
40 silly install resolved        [Object],
40 silly install resolved        [Object],
40 silly install resolved        [Object] ],
40 silly install resolved     dependencies:
40 silly install resolved      { batch: '^0.5.3',
40 silly install resolved        bluebird: '^2.9.27',
40 silly install resolved        'body-parser': '^1.12.4',
40 silly install resolved        chokidar: '^1.0.1',
40 silly install resolved        colors: '^1.1.0',
40 silly install resolved        connect: '^3.3.5',
40 silly install resolved        'core-js': '^1.2.2',
40 silly install resolved        di: '^0.0.1',
40 silly install resolved        'dom-serialize': '^2.2.0',
40 silly install resolved        'expand-braces': '^0.1.1',
40 silly install resolved        glob: '^5.0.10',
40 silly install resolved        'graceful-fs': '^4.1.2',
40 silly install resolved        'http-proxy': '^1.11.1',
40 silly install resolved        lodash: '^3.8.0',
40 silly install resolved        log4js: '^0.6.25',
40 silly install resolved        mime: '^1.3.4',
40 silly install resolved        minimatch: '^3.0.0',
40 silly install resolved        optimist: '^0.6.1',
40 silly install resolved        rimraf: '^2.3.3',
40 silly install resolved        'socket.io': '^1.3.7',
40 silly install resolved        'source-map': '^0.5.1',
40 silly install resolved        useragent: '^2.1.6' },
40 silly install resolved     devDependencies:
40 silly install resolved      { LiveScript: '^1.3.0',
40 silly install resolved        babel: '^5.6.23',
40 silly install resolved        'babel-eslint': '^4.0.5',
40 silly install resolved        chai: '^3.3.0',
40 silly install resolved        'chai-as-promised': '^5.0.0',
40 silly install resolved        'chai-subset': '^1.0.1',
40 silly install resolved        'coffee-script': '^1.9.2',
40 silly install resolved        cucumber: '^0.7.0',
40 silly install resolved        eslint: '^1.0.0',
40 silly install resolved        'eslint-config-standard': '^4.0.0',
40 silly install resolved        'eslint-plugin-react': '^3.6.2',
40 silly install resolved        'eslint-plugin-standard': '^1.3.1',
40 silly install resolved        grunt: '^0.4',
40 silly install resolved        'grunt-auto-release': '^0.0.6',
40 silly install resolved        'grunt-browserify': '^4.0.1',
40 silly install resolved        'grunt-bump': '^0.6.0',
40 silly install resolved        'grunt-contrib-watch': '^0.6.1',
40 silly install resolved        'grunt-conventional-changelog': '^5.0.0',
40 silly install resolved        'grunt-conventional-github-releaser': '^0.5.0',
40 silly install resolved        'grunt-cucumberjs': '^0.8.0',
40 silly install resolved        'grunt-eslint': '^17.0.0',
40 silly install resolved        'grunt-mocha-test': '^0.12.7',
40 silly install resolved        'grunt-npm': '0.0.2',
40 silly install resolved        'jasmine-core': '^2.3.4',
40 silly install resolved        'karma-browserify': '^4.1.2',
40 silly install resolved        'karma-browserstack-launcher': '*',
40 silly install resolved        'karma-chrome-launcher': '*',
40 silly install resolved        'karma-coffee-preprocessor': '*',
40 silly install resolved        'karma-commonjs': '*',
40 silly install resolved        'karma-coverage': '*',
40 silly install resolved        'karma-firefox-launcher': '*',
40 silly install resolved        'karma-growl-reporter': '*',
40 silly install resolved        'karma-html2js-preprocessor': '*',
40 silly install resolved        'karma-jasmine': '~0.3.5',
40 silly install resolved        'karma-junit-reporter': '*',
40 silly install resolved        'karma-live-preprocessor': '*',
40 silly install resolved        'karma-mocha': '*',
40 silly install resolved        'karma-ng-scenario': '*',
40 silly install resolved        'karma-phantomjs-launcher': '*',
40 silly install resolved        'karma-qunit': '*',
40 silly install resolved        'karma-requirejs': '*',
40 silly install resolved        'karma-sauce-launcher': '*',
40 silly install resolved        'karma-script-launcher': '^0.1.0',
40 silly install resolved        'load-grunt-tasks': '^3.1.0',
40 silly install resolved        mkdirp: '^0.5.0',
40 silly install resolved        mocha: '^2.2.5',
40 silly install resolved        mocks: '^0.0.15',
40 silly install resolved        phantomjs: '^1.9.18',
40 silly install resolved        proxyquire: '^1.5.0',
40 silly install resolved        qunitjs: '^1.19.0',
40 silly install resolved        requirejs: '^2.1.20',
40 silly install resolved        sinon: '^1.17.2',
40 silly install resolved        'sinon-chai': '^2.7.0',
40 silly install resolved        supertest: '^1.0.1',
40 silly install resolved        'supertest-as-promised': '^2.0.1',
40 silly install resolved        'timer-shim': '^0.3.0',
40 silly install resolved        which: '^1.1.1' },
40 silly install resolved     main: './lib/index',
40 silly install resolved     bin: { karma: './bin/karma' },
40 silly install resolved     engines: { node: '0.10 || 0.12 || 4 || 5' },
40 silly install resolved     version: '0.13.15',
40 silly install resolved     license: 'MIT',
40 silly install resolved     gitHead: '1adfd8ddedcfa6c87dc12588d96383c600bf78ab',
40 silly install resolved     _id: 'karma@0.13.15',
40 silly install resolved     scripts: {},
40 silly install resolved     _shasum: '71c3925651728a05ab4980a6e894ce3aa5e8c5c0',
40 silly install resolved     _from: 'karma@*',
40 silly install resolved     _npmVersion: '3.3.9',
40 silly install resolved     _nodeVersion: '4.1.2',
40 silly install resolved     _npmUser: { name: 'dignifiedquire', email: 'dignifiedquire@gmail.com' },
40 silly install resolved     dist:
40 silly install resolved      { shasum: '71c3925651728a05ab4980a6e894ce3aa5e8c5c0',
40 silly install resolved        tarball: 'http://registry.npmjs.org/karma/-/karma-0.13.15.tgz' },
40 silly install resolved     maintainers: [ [Object], [Object], [Object], [Object] ],
40 silly install resolved     directories: {},
40 silly install resolved     _resolved: 'https://registry.npmjs.org/karma/-/karma-0.13.15.tgz',
40 silly install resolved     readme: 'ERROR: No README data found!' } ]
41 info install karma@0.13.15 into /home/eb
42 info installOne karma@0.13.15
43 verbose installOne of karma to /home/eb not in flight; installing
44 verbose lock using /home/eb/.npm/_locks/karma-16cf367ad14835d0.lock for /home/eb/node_modules/karma
45 silly install write writing karma 0.13.15 to /home/eb/node_modules/karma
46 verbose unbuild node_modules/karma
47 info preuninstall karma@0.13.15
48 info uninstall karma@0.13.15
49 verbose unbuild rmStuff karma@0.13.15 from /home/eb/node_modules
50 silly gentlyRm /home/eb/node_modules/.bin/karma is being gently removed
51 silly gentlyRm verifying /home/eb is an npm working directory
52 silly gentlyRm containing path /home/eb is under npm's control, in /home/eb
53 silly gentlyRm deletion target /home/eb/node_modules/.bin/karma is under /home/eb
54 verbose gentlyRm vacuuming from /home/eb/node_modules/.bin/karma up to /home/eb
55 silly vacuum-fs removing /home/eb/node_modules/.bin/karma
56 verbose unlock done using /home/eb/.npm/_locks/karma-16cf367ad14835d0.lock for /home/eb/node_modules/karma
57 verbose stack Error: EACCES, unlink '/home/eb/node_modules/.bin/karma'
57 verbose stack     at Error (native)
58 verbose cwd /home/eb/NetBeansProjects/sudoku
59 error Linux 4.2.0-19-generic
60 error argv "node" "/usr/local/bin/npm" "install" "karma" "--save-dev"
61 error node v0.12.7
62 error npm  v2.14.2
63 error path /home/eb/node_modules/.bin/karma
64 error code EACCES
65 error errno -13
66 error Error: EACCES, unlink '/home/eb/node_modules/.bin/karma'
66 error     at Error (native)
66 error  { [Error: EACCES, unlink '/home/eb/node_modules/.bin/karma']
66 error   errno: -13,
66 error   code: 'EACCES',
66 error   path: '/home/eb/node_modules/.bin/karma' }
67 error Please try running this command again as root/Administrator.
68 verbose exit [ -13, true ]
69 verbose unbuild node_modules/karma
70 info preuninstall karma@0.13.15
71 info uninstall karma@0.13.15
72 verbose unbuild rmStuff karma@0.13.15 from /home/eb/node_modules
73 silly gentlyRm /home/eb/node_modules/.bin/karma is being gently removed
74 silly gentlyRm verifying /home/eb is an npm working directory
75 silly gentlyRm containing path /home/eb is under npm's control, in /home/eb
76 silly gentlyRm deletion target /home/eb/node_modules/.bin/karma is under /home/eb
77 verbose gentlyRm vacuuming from /home/eb/node_modules/.bin/karma up to /home/eb
78 silly vacuum-fs removing /home/eb/node_modules/.bin/karma
79 error error rolling back Error: EACCES, unlink '/home/eb/node_modules/.bin/karma'
79 error error rolling back     at Error (native)
79 error error rolling back  { [Error: EACCES, unlink '/home/eb/node_modules/.bin/karma']
79 error error rolling back   errno: -13,
79 error error rolling back   code: 'EACCES',
79 error error rolling back   path: '/home/eb/node_modules/.bin/karma' }
